    1C
    1C
    1UUSER
    1UDATE              02.may.2024         
    1UTIME              21:00:35
    1UHOST
    1UPGM               CalculiX
    1UDIR
    1UDBN
    2C                                                                   1
 -1         1-1.00000E+00 0.00000E+00 0.00000E+00
 -1         2-9.80785E-01 1.95090E-01 0.00000E+00
 -1         3-9.80785E-01 1.95090E-01 1.00000E-01
 -1         4-1.00000E+00 0.00000E+00 1.00000E-01
 -1         5-8.75000E-01 0.00000E+00 0.00000E+00
 -1         6-8.58187E-01 1.70704E-01-2.22045E-16
 -1         7-8.58187E-01 1.70704E-01 1.00000E-01
 -1         8-8.75000E-01 0.00000E+00 1.00000E-01
 -1         9-7.50000E-01 0.00000E+00 0.00000E+00
 -1        10-7.35589E-01 1.46318E-01 5.55112E-17
 -1        11-7.35589E-01 1.46318E-01 1.00000E-01
 -1        12-7.50000E-01 0.00000E+00 1.00000E-01
 -1        13-6.25000E-01 0.00000E+00 0.00000E+00
 -1        14-6.12991E-01 1.21931E-01 0.00000E+00
 -1        15-6.12991E-01 1.21931E-01 1.00000E-01
 -1        16-6.25000E-01 0.00000E+00 1.00000E-01
 -1        17-5.00000E-01 0.00000E+00 0.00000E+00
 -1        18-4.90393E-01 9.75452E-02 0.00000E+00
 -1        19-4.90393E-01 9.75452E-02 1.00000E-01
 -1        20-5.00000E-01 0.00000E+00 1.00000E-01
 -1        21-9.23880E-01 3.82683E-01 0.00000E+00
 -1        22-9.23880E-01 3.82683E-01 1.00000E-01
 -1        23-8.08395E-01 3.34848E-01 0.00000E+00
 -1        24-8.08395E-01 3.34848E-01 1.00000E-01
 -1        25-6.92910E-01 2.87013E-01 1.11022E-16
 -1        26-6.92910E-01 2.87013E-01 1.00000E-01
 -1        27-5.77425E-01 2.39177E-01 1.11022E-16
 -1        28-5.77425E-01 2.39177E-01 1.00000E-01
 -1        29-4.61940E-01 1.91342E-01 0.00000E+00
 -1        30-4.61940E-01 1.91342E-01 1.00000E-01
 -1        31-8.31470E-01 5.55570E-01 0.00000E+00
 -1        32-8.31470E-01 5.55570E-01 1.00000E-01
 -1        33-7.27536E-01 4.86124E-01 0.00000E+00
 -1        34-7.27536E-01 4.86124E-01 1.00000E-01
 -1        35-6.23602E-01 4.16678E-01 0.00000E+00
 -1        36-6.23602E-01 4.16678E-01 1.00000E-01
 -1        37-5.19669E-01 3.47231E-01 0.00000E+00
 -1        38-5.19669E-01 3.47231E-01 1.00000E-01
 -1        39-4.15735E-01 2.77785E-01 0.00000E+00
 -1        40-4.15735E-01 2.77785E-01 1.00000E-01
 -1        41-7.07107E-01 7.07107E-01 0.00000E+00
 -1        42-7.07107E-01 7.07107E-01 1.00000E-01
 -1        43-6.18718E-01 6.18718E-01-1.11022E-16
 -1        44-6.18718E-01 6.18718E-01 1.00000E-01
 -1        45-5.30330E-01 5.30330E-01 5.55112E-17
 -1        46-5.30330E-01 5.30330E-01 1.00000E-01
 -1        47-4.41942E-01 4.41942E-01-2.22045E-16
 -1        48-4.41942E-01 4.41942E-01 1.00000E-01
 -1        49-3.53553E-01 3.53553E-01 0.00000E+00
 -1        50-3.53553E-01 3.53553E-01 1.00000E-01
 -1        51-5.55570E-01 8.31470E-01 0.00000E+00
 -1        52-5.55570E-01 8.31470E-01 1.00000E-01
 -1        53-4.86124E-01 7.27536E-01-1.11022E-16
 -1        54-4.86124E-01 7.27536E-01 1.00000E-01
 -1        55-4.16678E-01 6.23602E-01 0.00000E+00
 -1        56-4.16678E-01 6.23602E-01 1.00000E-01
 -1        57-3.47231E-01 5.19669E-01 0.00000E+00
 -1        58-3.47231E-01 5.19669E-01 1.00000E-01
 -1        59-2.77785E-01 4.15735E-01 0.00000E+00
 -1        60-2.77785E-01 4.15735E-01 1.00000E-01
 -1        61-3.82683E-01 9.23880E-01 0.00000E+00
 -1        62-3.82683E-01 9.23880E-01 1.00000E-01
 -1        63-3.34848E-01 8.08395E-01 5.55112E-17
 -1        64-3.34848E-01 8.08395E-01 1.00000E-01
 -1        65-2.87013E-01 6.92910E-01 5.55112E-17
 -1        66-2.87013E-01 6.92910E-01 1.00000E-01
 -1        67-2.39177E-01 5.77425E-01 1.11022E-16
 -1        68-2.39177E-01 5.77425E-01 1.00000E-01
 -1        69-1.91342E-01 4.61940E-01 0.00000E+00
 -1        70-1.91342E-01 4.61940E-01 1.00000E-01
 -1        71-1.95090E-01 9.80785E-01 0.00000E+00
 -1        72-1.95090E-01 9.80785E-01 1.00000E-01
 -1        73-1.70704E-01 8.58187E-01 5.55112E-17
 -1        74-1.70704E-01 8.58187E-01 1.00000E-01
 -1        75-1.46318E-01 7.35589E-01 0.00000E+00
 -1        76-1.46318E-01 7.35589E-01 1.00000E-01
 -1        77-1.21931E-01 6.12991E-01 0.00000E+00
 -1        78-1.21931E-01 6.12991E-01 1.00000E-01
 -1        79-9.75452E-02 4.90393E-01 0.00000E+00
 -1        80-9.75452E-02 4.90393E-01 1.00000E-01
 -1        81 0.00000E+00 1.00000E+00 0.00000E+00
 -1        82 0.00000E+00 1.00000E+00 1.00000E-01
 -1        83 0.00000E+00 8.75000E-01 0.00000E+00
 -1        84 0.00000E+00 8.75000E-01 1.00000E-01
 -1        85 0.00000E+00 7.50000E-01 0.00000E+00
 -1        86 0.00000E+00 7.50000E-01 1.00000E-01
 -1        87 0.00000E+00 6.25000E-01 0.00000E+00
 -1        88 0.00000E+00 6.25000E-01 1.00000E-01
 -1        89 0.00000E+00 5.00000E-01 0.00000E+00
 -1        90 0.00000E+00 5.00000E-01 1.00000E-01
 -1        91 0.00000E+00-1.00000E+00 0.00000E+00
 -1        92-1.95090E-01-9.80785E-01 0.00000E+00
 -1        93-1.95090E-01-9.80785E-01 1.00000E-01
 -1        94 0.00000E+00-1.00000E+00 1.00000E-01
 -1        95 0.00000E+00-8.75000E-01 0.00000E+00
 -1        96-1.70704E-01-8.58187E-01-2.22045E-16
 -1        97-1.70704E-01-8.58187E-01 1.00000E-01
 -1        98 0.00000E+00-8.75000E-01 1.00000E-01
 -1        99 0.00000E+00-7.50000E-01 0.00000E+00
 -1       100-1.46318E-01-7.35589E-01 5.55112E-17
 -1       101-1.46318E-01-7.35589E-01 1.00000E-01
 -1       102 0.00000E+00-7.50000E-01 1.00000E-01
 -1       103 0.00000E+00-6.25000E-01 0.00000E+00
 -1       104-1.21931E-01-6.12991E-01 0.00000E+00
 -1       105-1.21931E-01-6.12991E-01 1.00000E-01
 -1       106 0.00000E+00-6.25000E-01 1.00000E-01
 -1       107 0.00000E+00-5.00000E-01 0.00000E+00
 -1       108-9.75452E-02-4.90393E-01 0.00000E+00
 -1       109-9.75452E-02-4.90393E-01 1.00000E-01
 -1       110 0.00000E+00-5.00000E-01 1.00000E-01
 -1       111-3.82683E-01-9.23880E-01 0.00000E+00
 -1       112-3.82683E-01-9.23880E-01 1.00000E-01
 -1       113-3.34848E-01-8.08395E-01 0.00000E+00
 -1       114-3.34848E-01-8.08395E-01 1.00000E-01
 -1       115-2.87013E-01-6.92910E-01 1.11022E-16
 -1       116-2.87013E-01-6.92910E-01 1.00000E-01
 -1       117-2.39177E-01-5.77425E-01 1.11022E-16
 -1       118-2.39177E-01-5.77425E-01 1.00000E-01
 -1       119-1.91342E-01-4.61940E-01 0.00000E+00
 -1       120-1.91342E-01-4.61940E-01 1.00000E-01
 -1       121-5.55570E-01-8.31470E-01 0.00000E+00
 -1       122-5.55570E-01-8.31470E-01 1.00000E-01
 -1       123-4.86124E-01-7.27536E-01 0.00000E+00
 -1       124-4.86124E-01-7.27536E-01 1.00000E-01
 -1       125-4.16678E-01-6.23602E-01 0.00000E+00
 -1       126-4.16678E-01-6.23602E-01 1.00000E-01
 -1       127-3.47231E-01-5.19669E-01 0.00000E+00
 -1       128-3.47231E-01-5.19669E-01 1.00000E-01
 -1       129-2.77785E-01-4.15735E-01 0.00000E+00
 -1       130-2.77785E-01-4.15735E-01 1.00000E-01
 -1       131-7.07107E-01-7.07107E-01 0.00000E+00
 -1       132-7.07107E-01-7.07107E-01 1.00000E-01
 -1       133-6.18718E-01-6.18718E-01-1.11022E-16
 -1       134-6.18718E-01-6.18718E-01 1.00000E-01
 -1       135-5.30330E-01-5.30330E-01 5.55112E-17
 -1       136-5.30330E-01-5.30330E-01 1.00000E-01
 -1       137-4.41942E-01-4.41942E-01-2.22045E-16
 -1       138-4.41942E-01-4.41942E-01 1.00000E-01
 -1       139-3.53553E-01-3.53553E-01 0.00000E+00
 -1       140-3.53553E-01-3.53553E-01 1.00000E-01
 -1       141-8.31470E-01-5.55570E-01 0.00000E+00
 -1       142-8.31470E-01-5.55570E-01 1.00000E-01
 -1       143-7.27536E-01-4.86124E-01-1.11022E-16
 -1       144-7.27536E-01-4.86124E-01 1.00000E-01
 -1       145-6.23602E-01-4.16678E-01 0.00000E+00
 -1       146-6.23602E-01-4.16678E-01 1.00000E-01
 -1       147-5.19669E-01-3.47231E-01 0.00000E+00
 -1       148-5.19669E-01-3.47231E-01 1.00000E-01
 -1       149-4.15735E-01-2.77785E-01 0.00000E+00
 -1       150-4.15735E-01-2.77785E-01 1.00000E-01
 -1       151-9.23880E-01-3.82683E-01 0.00000E+00
 -1       152-9.23880E-01-3.82683E-01 1.00000E-01
 -1       153-8.08395E-01-3.34848E-01 5.55112E-17
 -1       154-8.08395E-01-3.34848E-01 1.00000E-01
 -1       155-6.92910E-01-2.87013E-01 5.55112E-17
 -1       156-6.92910E-01-2.87013E-01 1.00000E-01
 -1       157-5.77425E-01-2.39177E-01 1.11022E-16
 -1       158-5.77425E-01-2.39177E-01 1.00000E-01
 -1       159-4.61940E-01-1.91342E-01 0.00000E+00
 -1       160-4.61940E-01-1.91342E-01 1.00000E-01
 -1       161-9.80785E-01-1.95090E-01 0.00000E+00
 -1       162-9.80785E-01-1.95090E-01 1.00000E-01
 -1       163-8.58187E-01-1.70704E-01 5.55112E-17
 -1       164-8.58187E-01-1.70704E-01 1.00000E-01
 -1       165-7.35589E-01-1.46318E-01 0.00000E+00
 -1       166-7.35589E-01-1.46318E-01 1.00000E-01
 -1       167-6.12991E-01-1.21931E-01 0.00000E+00
 -1       168-6.12991E-01-1.21931E-01 1.00000E-01
 -1       169-4.90393E-01-9.75452E-02 0.00000E+00
 -1       170-4.90393E-01-9.75452E-02 1.00000E-01
 -1       171 1.00000E+00 0.00000E+00 0.00000E+00
 -1       172 9.80785E-01-1.95090E-01 0.00000E+00
 -1       173 9.80785E-01-1.95090E-01 1.00000E-01
 -1       174 1.00000E+00 0.00000E+00 1.00000E-01
 -1       175 8.75000E-01 0.00000E+00 0.00000E+00
 -1       176 8.58187E-01-1.70704E-01-2.22045E-16
 -1       177 8.58187E-01-1.70704E-01 1.00000E-01
 -1       178 8.75000E-01 0.00000E+00 1.00000E-01
 -1       179 7.50000E-01 0.00000E+00 0.00000E+00
 -1       180 7.35589E-01-1.46318E-01 5.55112E-17
 -1       181 7.35589E-01-1.46318E-01 1.00000E-01
 -1       182 7.50000E-01 0.00000E+00 1.00000E-01
 -1       183 6.25000E-01 0.00000E+00 0.00000E+00
 -1       184 6.12991E-01-1.21931E-01 0.00000E+00
 -1       185 6.12991E-01-1.21931E-01 1.00000E-01
 -1       186 6.25000E-01 0.00000E+00 1.00000E-01
 -1       187 5.00000E-01 0.00000E+00 0.00000E+00
 -1       188 4.90393E-01-9.75452E-02 0.00000E+00
 -1       189 4.90393E-01-9.75452E-02 1.00000E-01
 -1       190 5.00000E-01 0.00000E+00 1.00000E-01
 -1       191 9.23880E-01-3.82683E-01 0.00000E+00
 -1       192 9.23880E-01-3.82683E-01 1.00000E-01
 -1       193 8.08395E-01-3.34848E-01 0.00000E+00
 -1       194 8.08395E-01-3.34848E-01 1.00000E-01
 -1       195 6.92910E-01-2.87013E-01 1.11022E-16
 -1       196 6.92910E-01-2.87013E-01 1.00000E-01
 -1       197 5.77425E-01-2.39177E-01 1.11022E-16
 -1       198 5.77425E-01-2.39177E-01 1.00000E-01
 -1       199 4.61940E-01-1.91342E-01 0.00000E+00
 -1       200 4.61940E-01-1.91342E-01 1.00000E-01
 -1       201 8.31470E-01-5.55570E-01 0.00000E+00
 -1       202 8.31470E-01-5.55570E-01 1.00000E-01
 -1       203 7.27536E-01-4.86124E-01 0.00000E+00
 -1       204 7.27536E-01-4.86124E-01 1.00000E-01
 -1       205 6.23602E-01-4.16678E-01 0.00000E+00
 -1       206 6.23602E-01-4.16678E-01 1.00000E-01
 -1       207 5.19669E-01-3.47231E-01 0.00000E+00
 -1       208 5.19669E-01-3.47231E-01 1.00000E-01
 -1       209 4.15735E-01-2.77785E-01 0.00000E+00
 -1       210 4.15735E-01-2.77785E-01 1.00000E-01
 -1       211 7.07107E-01-7.07107E-01 0.00000E+00
 -1       212 7.07107E-01-7.07107E-01 1.00000E-01
 -1       213 6.18718E-01-6.18718E-01-1.11022E-16
 -1       214 6.18718E-01-6.18718E-01 1.00000E-01
 -1       215 5.30330E-01-5.30330E-01 5.55112E-17
 -1       216 5.30330E-01-5.30330E-01 1.00000E-01
 -1       217 4.41942E-01-4.41942E-01-2.22045E-16
 -1       218 4.41942E-01-4.41942E-01 1.00000E-01
 -1       219 3.53553E-01-3.53553E-01 0.00000E+00
 -1       220 3.53553E-01-3.53553E-01 1.00000E-01
 -1       221 5.55570E-01-8.31470E-01 0.00000E+00
 -1       222 5.55570E-01-8.31470E-01 1.00000E-01
 -1       223 4.86124E-01-7.27536E-01-1.11022E-16
 -1       224 4.86124E-01-7.27536E-01 1.00000E-01
 -1       225 4.16678E-01-6.23602E-01 0.00000E+00
 -1       226 4.16678E-01-6.23602E-01 1.00000E-01
 -1       227 3.47231E-01-5.19669E-01 0.00000E+00
 -1       228 3.47231E-01-5.19669E-01 1.00000E-01
 -1       229 2.77785E-01-4.15735E-01 0.00000E+00
 -1       230 2.77785E-01-4.15735E-01 1.00000E-01
 -1       231 3.82683E-01-9.23880E-01 0.00000E+00
 -1       232 3.82683E-01-9.23880E-01 1.00000E-01
 -1       233 3.34848E-01-8.08395E-01 5.55112E-17
 -1       234 3.34848E-01-8.08395E-01 1.00000E-01
 -1       235 2.87013E-01-6.92910E-01 5.55112E-17
 -1       236 2.87013E-01-6.92910E-01 1.00000E-01
 -1       237 2.39177E-01-5.77425E-01 1.11022E-16
 -1       238 2.39177E-01-5.77425E-01 1.00000E-01
 -1       239 1.91342E-01-4.61940E-01 0.00000E+00
 -1       240 1.91342E-01-4.61940E-01 1.00000E-01
 -1       241 1.95090E-01-9.80785E-01 0.00000E+00
 -1       242 1.95090E-01-9.80785E-01 1.00000E-01
 -1       243 1.70704E-01-8.58187E-01 5.55112E-17
 -1       244 1.70704E-01-8.58187E-01 1.00000E-01
 -1       245 1.46318E-01-7.35589E-01 0.00000E+00
 -1       246 1.46318E-01-7.35589E-01 1.00000E-01
 -1       247 1.21931E-01-6.12991E-01 0.00000E+00
 -1       248 1.21931E-01-6.12991E-01 1.00000E-01
 -1       249 9.75452E-02-4.90393E-01 0.00000E+00
 -1       250 9.75452E-02-4.90393E-01 1.00000E-01
 -1       251 1.95090E-01 9.80785E-01 0.00000E+00
 -1       252 1.95090E-01 9.80785E-01 1.00000E-01
 -1       253 1.70704E-01 8.58187E-01-2.22045E-16
 -1       254 1.70704E-01 8.58187E-01 1.00000E-01
 -1       255 1.46318E-01 7.35589E-01 5.55112E-17
 -1       256 1.46318E-01 7.35589E-01 1.00000E-01
 -1       257 1.21931E-01 6.12991E-01 0.00000E+00
 -1       258 1.21931E-01 6.12991E-01 1.00000E-01
 -1       259 9.75452E-02 4.90393E-01 0.00000E+00
 -1       260 9.75452E-02 4.90393E-01 1.00000E-01
 -1       261 3.82683E-01 9.23880E-01 0.00000E+00
 -1       262 3.82683E-01 9.23880E-01 1.00000E-01
 -1       263 3.34848E-01 8.08395E-01 0.00000E+00
 -1       264 3.34848E-01 8.08395E-01 1.00000E-01
 -1       265 2.87013E-01 6.92910E-01 1.11022E-16
 -1       266 2.87013E-01 6.92910E-01 1.00000E-01
 -1       267 2.39177E-01 5.77425E-01 1.11022E-16
 -1       268 2.39177E-01 5.77425E-01 1.00000E-01
 -1       269 1.91342E-01 4.61940E-01 0.00000E+00
 -1       270 1.91342E-01 4.61940E-01 1.00000E-01
 -1       271 5.55570E-01 8.31470E-01 0.00000E+00
 -1       272 5.55570E-01 8.31470E-01 1.00000E-01
 -1       273 4.86124E-01 7.27536E-01 0.00000E+00
 -1       274 4.86124E-01 7.27536E-01 1.00000E-01
 -1       275 4.16678E-01 6.23602E-01 0.00000E+00
 -1       276 4.16678E-01 6.23602E-01 1.00000E-01
 -1       277 3.47231E-01 5.19669E-01 0.00000E+00
 -1       278 3.47231E-01 5.19669E-01 1.00000E-01
 -1       279 2.77785E-01 4.15735E-01 0.00000E+00
 -1       280 2.77785E-01 4.15735E-01 1.00000E-01
 -1       281 7.07107E-01 7.07107E-01 0.00000E+00
 -1       282 7.07107E-01 7.07107E-01 1.00000E-01
 -1       283 6.18718E-01 6.18718E-01-1.11022E-16
 -1       284 6.18718E-01 6.18718E-01 1.00000E-01
 -1       285 5.30330E-01 5.30330E-01 5.55112E-17
 -1       286 5.30330E-01 5.30330E-01 1.00000E-01
 -1       287 4.41942E-01 4.41942E-01-2.22045E-16
 -1       288 4.41942E-01 4.41942E-01 1.00000E-01
 -1       289 3.53553E-01 3.53553E-01 0.00000E+00
 -1       290 3.53553E-01 3.53553E-01 1.00000E-01
 -1       291 8.31470E-01 5.55570E-01 0.00000E+00
 -1       292 8.31470E-01 5.55570E-01 1.00000E-01
 -1       293 7.27536E-01 4.86124E-01-1.11022E-16
 -1       294 7.27536E-01 4.86124E-01 1.00000E-01
 -1       295 6.23602E-01 4.16678E-01 0.00000E+00
 -1       296 6.23602E-01 4.16678E-01 1.00000E-01
 -1       297 5.19669E-01 3.47231E-01 0.00000E+00
 -1       298 5.19669E-01 3.47231E-01 1.00000E-01
 -1       299 4.15735E-01 2.77785E-01 0.00000E+00
 -1       300 4.15735E-01 2.77785E-01 1.00000E-01
 -1       301 9.23880E-01 3.82683E-01 0.00000E+00
 -1       302 9.23880E-01 3.82683E-01 1.00000E-01
 -1       303 8.08395E-01 3.34848E-01 5.55112E-17
 -1       304 8.08395E-01 3.34848E-01 1.00000E-01
 -1       305 6.92910E-01 2.87013E-01 5.55112E-17
 -1       306 6.92910E-01 2.87013E-01 1.00000E-01
 -1       307 5.77425E-01 2.39177E-01 1.11022E-16
 -1       308 5.77425E-01 2.39177E-01 1.00000E-01
 -1       309 4.61940E-01 1.91342E-01 0.00000E+00
 -1       310 4.61940E-01 1.91342E-01 1.00000E-01
 -1       311 9.80785E-01 1.95090E-01 0.00000E+00
 -1       312 9.80785E-01 1.95090E-01 1.00000E-01
 -1       313 8.58187E-01 1.70704E-01 5.55112E-17
 -1       314 8.58187E-01 1.70704E-01 1.00000E-01
 -1       315 7.35589E-01 1.46318E-01 0.00000E+00
 -1       316 7.35589E-01 1.46318E-01 1.00000E-01
 -1       317 6.12991E-01 1.21931E-01 0.00000E+00
 -1       318 6.12991E-01 1.21931E-01 1.00000E-01
 -1       319 4.90393E-01 9.75452E-02 0.00000E+00
 -1       320 4.90393E-01 9.75452E-02 1.00000E-01
 -3
    3C                                                                   1
 -1         1    1    0AIR  
 -2         1         2         3         4         5         6         7         8
 -1         2    1    0AIR  
 -2         5         6         7         8         9        10        11        12
 -1         3    1    0AIR  
 -2         9        10        11        12        13        14        15        16
 -1         4    1    0AIR  
 -2        13        14        15        16        17        18        19        20
 -1         5    1    0AIR  
 -2         2        21        22         3         6        23        24         7
 -1         6    1    0AIR  
 -2         6        23        24         7        10        25        26        11
 -1         7    1    0AIR  
 -2        10        25        26        11        14        27        28        15
 -1         8    1    0AIR  
 -2        14        27        28        15        18        29        30        19
 -1         9    1    0AIR  
 -2        21        31        32        22        23        33        34        24
 -1        10    1    0AIR  
 -2        23        33        34        24        25        35        36        26
 -1        11    1    0AIR  
 -2        25        35        36        26        27        37        38        28
 -1        12    1    0AIR  
 -2        27        37        38        28        29        39        40        30
 -1        13    1    0AIR  
 -2        31        41        42        32        33        43        44        34
 -1        14    1    0AIR  
 -2        33        43        44        34        35        45        46        36
 -1        15    1    0AIR  
 -2        35        45        46        36        37        47        48        38
 -1        16    1    0AIR  
 -2        37        47        48        38        39        49        50        40
 -1        17    1    0AIR  
 -2        41        51        52        42        43        53        54        44
 -1        18    1    0AIR  
 -2        43        53        54        44        45        55        56        46
 -1        19    1    0AIR  
 -2        45        55        56        46        47        57        58        48
 -1        20    1    0AIR  
 -2        47        57        58        48        49        59        60        50
 -1        21    1    0AIR  
 -2        51        61        62        52        53        63        64        54
 -1        22    1    0AIR  
 -2        53        63        64        54        55        65        66        56
 -1        23    1    0AIR  
 -2        55        65        66        56        57        67        68        58
 -1        24    1    0AIR  
 -2        57        67        68        58        59        69        70        60
 -1        25    1    0AIR  
 -2        61        71        72        62        63        73        74        64
 -1        26    1    0AIR  
 -2        63        73        74        64        65        75        76        66
 -1        27    1    0AIR  
 -2        65        75        76        66        67        77        78        68
 -1        28    1    0AIR  
 -2        67        77        78        68        69        79        80        70
 -1        29    1    0AIR  
 -2        71        81        82        72        73        83        84        74
 -1        30    1    0AIR  
 -2        73        83        84        74        75        85        86        76
 -1        31    1    0AIR  
 -2        75        85        86        76        77        87        88        78
 -1        32    1    0AIR  
 -2        77        87        88        78        79        89        90        80
 -1        33    1    0AIR  
 -2        91        92        93        94        95        96        97        98
 -1        34    1    0AIR  
 -2        95        96        97        98        99       100       101       102
 -1        35    1    0AIR  
 -2        99       100       101       102       103       104       105       106
 -1        36    1    0AIR  
 -2       103       104       105       106       107       108       109       110
 -1        37    1    0AIR  
 -2        92       111       112        93        96       113       114        97
 -1        38    1    0AIR  
 -2        96       113       114        97       100       115       116       101
 -1        39    1    0AIR  
 -2       100       115       116       101       104       117       118       105
 -1        40    1    0AIR  
 -2       104       117       118       105       108       119       120       109
 -1        41    1    0AIR  
 -2       111       121       122       112       113       123       124       114
 -1        42    1    0AIR  
 -2       113       123       124       114       115       125       126       116
 -1        43    1    0AIR  
 -2       115       125       126       116       117       127       128       118
 -1        44    1    0AIR  
 -2       117       127       128       118       119       129       130       120
 -1        45    1    0AIR  
 -2       121       131       132       122       123       133       134       124
 -1        46    1    0AIR  
 -2       123       133       134       124       125       135       136       126
 -1        47    1    0AIR  
 -2       125       135       136       126       127       137       138       128
 -1        48    1    0AIR  
 -2       127       137       138       128       129       139       140       130
 -1        49    1    0AIR  
 -2       131       141       142       132       133       143       144       134
 -1        50    1    0AIR  
 -2       133       143       144       134       135       145       146       136
 -1        51    1    0AIR  
 -2       135       145       146       136       137       147       148       138
 -1        52    1    0AIR  
 -2       137       147       148       138       139       149       150       140
 -1        53    1    0AIR  
 -2       141       151       152       142       143       153       154       144
 -1        54    1    0AIR  
 -2       143       153       154       144       145       155       156       146
 -1        55    1    0AIR  
 -2       145       155       156       146       147       157       158       148
 -1        56    1    0AIR  
 -2       147       157       158       148       149       159       160       150
 -1        57    1    0AIR  
 -2       151       161       162       152       153       163       164       154
 -1        58    1    0AIR  
 -2       153       163       164       154       155       165       166       156
 -1        59    1    0AIR  
 -2       155       165       166       156       157       167       168       158
 -1        60    1    0AIR  
 -2       157       167       168       158       159       169       170       160
 -1        61    1    0AIR  
 -2       161         1         4       162       163         5         8       164
 -1        62    1    0AIR  
 -2       163         5         8       164       165         9        12       166
 -1        63    1    0AIR  
 -2       165         9        12       166       167        13        16       168
 -1        64    1    0AIR  
 -2       167        13        16       168       169        17        20       170
 -1        65    1    0AIR  
 -2       171       172       173       174       175       176       177       178
 -1        66    1    0AIR  
 -2       175       176       177       178       179       180       181       182
 -1        67    1    0AIR  
 -2       179       180       181       182       183       184       185       186
 -1        68    1    0AIR  
 -2       183       184       185       186       187       188       189       190
 -1        69    1    0AIR  
 -2       172       191       192       173       176       193       194       177
 -1        70    1    0AIR  
 -2       176       193       194       177       180       195       196       181
 -1        71    1    0AIR  
 -2       180       195       196       181       184       197       198       185
 -1        72    1    0AIR  
 -2       184       197       198       185       188       199       200       189
 -1        73    1    0AIR  
 -2       191       201       202       192       193       203       204       194
 -1        74    1    0AIR  
 -2       193       203       204       194       195       205       206       196
 -1        75    1    0AIR  
 -2       195       205       206       196       197       207       208       198
 -1        76    1    0AIR  
 -2       197       207       208       198       199       209       210       200
 -1        77    1    0AIR  
 -2       201       211       212       202       203       213       214       204
 -1        78    1    0AIR  
 -2       203       213       214       204       205       215       216       206
 -1        79    1    0AIR  
 -2       205       215       216       206       207       217       218       208
 -1        80    1    0AIR  
 -2       207       217       218       208       209       219       220       210
 -1        81    1    0AIR  
 -2       211       221       222       212       213       223       224       214
 -1        82    1    0AIR  
 -2       213       223       224       214       215       225       226       216
 -1        83    1    0AIR  
 -2       215       225       226       216       217       227       228       218
 -1        84    1    0AIR  
 -2       217       227       228       218       219       229       230       220
 -1        85    1    0AIR  
 -2       221       231       232       222       223       233       234       224
 -1        86    1    0AIR  
 -2       223       233       234       224       225       235       236       226
 -1        87    1    0AIR  
 -2       225       235       236       226       227       237       238       228
 -1        88    1    0AIR  
 -2       227       237       238       228       229       239       240       230
 -1        89    1    0AIR  
 -2       231       241       242       232       233       243       244       234
 -1        90    1    0AIR  
 -2       233       243       244       234       235       245       246       236
 -1        91    1    0AIR  
 -2       235       245       246       236       237       247       248       238
 -1        92    1    0AIR  
 -2       237       247       248       238       239       249       250       240
 -1        93    1    0AIR  
 -2       241        91        94       242       243        95        98       244
 -1        94    1    0AIR  
 -2       243        95        98       244       245        99       102       246
 -1        95    1    0AIR  
 -2       245        99       102       246       247       103       106       248
 -1        96    1    0AIR  
 -2       247       103       106       248       249       107       110       250
 -1        97    1    0AIR  
 -2        81       251       252        82        83       253       254        84
 -1        98    1    0AIR  
 -2        83       253       254        84        85       255       256        86
 -1        99    1    0AIR  
 -2        85       255       256        86        87       257       258        88
 -1       100    1    0AIR  
 -2        87       257       258        88        89       259       260        90
 -1       101    1    0AIR  
 -2       251       261       262       252       253       263       264       254
 -1       102    1    0AIR  
 -2       253       263       264       254       255       265       266       256
 -1       103    1    0AIR  
 -2       255       265       266       256       257       267       268       258
 -1       104    1    0AIR  
 -2       257       267       268       258       259       269       270       260
 -1       105    1    0AIR  
 -2       261       271       272       262       263       273       274       264
 -1       106    1    0AIR  
 -2       263       273       274       264       265       275       276       266
 -1       107    1    0AIR  
 -2       265       275       276       266       267       277       278       268
 -1       108    1    0AIR  
 -2       267       277       278       268       269       279       280       270
 -1       109    1    0AIR  
 -2       271       281       282       272       273       283       284       274
 -1       110    1    0AIR  
 -2       273       283       284       274       275       285       286       276
 -1       111    1    0AIR  
 -2       275       285       286       276       277       287       288       278
 -1       112    1    0AIR  
 -2       277       287       288       278       279       289       290       280
 -1       113    1    0AIR  
 -2       281       291       292       282       283       293       294       284
 -1       114    1    0AIR  
 -2       283       293       294       284       285       295       296       286
 -1       115    1    0AIR  
 -2       285       295       296       286       287       297       298       288
 -1       116    1    0AIR  
 -2       287       297       298       288       289       299       300       290
 -1       117    1    0AIR  
 -2       291       301       302       292       293       303       304       294
 -1       118    1    0AIR  
 -2       293       303       304       294       295       305       306       296
 -1       119    1    0AIR  
 -2       295       305       306       296       297       307       308       298
 -1       120    1    0AIR  
 -2       297       307       308       298       299       309       310       300
 -1       121    1    0AIR  
 -2       301       311       312       302       303       313       314       304
 -1       122    1    0AIR  
 -2       303       313       314       304       305       315       316       306
 -1       123    1    0AIR  
 -2       305       315       316       306       307       317       318       308
 -1       124    1    0AIR  
 -2       307       317       318       308       309       319       320       310
 -1       125    1    0AIR  
 -2       311       171       174       312       313       175       178       314
 -1       126    1    0AIR  
 -2       313       175       178       314       315       179       182       316
 -1       127    1    0AIR  
 -2       315       179       182       316       317       183       186       318
 -1       128    1    0AIR  
 -2       317       183       186       318       319       187       190       320
 -3
    1PSHOCKCOEF=     0.0000000000000                                                                                                
    1PSTEP                         1                                                                                                
  100CL  1015.1041022067         320                     3    1           1                                                         
 -4  SA3DF       1    1                                                                                                             
 -5  SA          1    1    0    0                                                                                                   
 -1         1 0.00000E+00
 -1         2 0.00000E+00
 -1         3 0.00000E+00
 -1         4 0.00000E+00
 -1         5 0.00000E+00
 -1         6 0.00000E+00
 -1         7 0.00000E+00
 -1         8 0.00000E+00
 -1         9 0.00000E+00
 -1        10 0.00000E+00
 -1        11 0.00000E+00
 -1        12 0.00000E+00
 -1        13 0.00000E+00
 -1        14 0.00000E+00
 -1        15 0.00000E+00
 -1        16 0.00000E+00
 -1        17 0.00000E+00
 -1        18 0.00000E+00
 -1        19 0.00000E+00
 -1        20 0.00000E+00
 -1        21 0.00000E+00
 -1        22 0.00000E+00
 -1        23 0.00000E+00
 -1        24 0.00000E+00
 -1        25 0.00000E+00
 -1        26 0.00000E+00
 -1        27 0.00000E+00
 -1        28 0.00000E+00
 -1        29 0.00000E+00
 -1        30 0.00000E+00
 -1        31 0.00000E+00
 -1        32 0.00000E+00
 -1        33 0.00000E+00
 -1        34 0.00000E+00
 -1        35 0.00000E+00
 -1        36 0.00000E+00
 -1        37 0.00000E+00
 -1        38 0.00000E+00
 -1        39 0.00000E+00
 -1        40 0.00000E+00
 -1        41 0.00000E+00
 -1        42 0.00000E+00
 -1        43 0.00000E+00
 -1        44 0.00000E+00
 -1        45 0.00000E+00
 -1        46 0.00000E+00
 -1        47 0.00000E+00
 -1        48 0.00000E+00
 -1        49 0.00000E+00
 -1        50 0.00000E+00
 -1        51 0.00000E+00
 -1        52 0.00000E+00
 -1        53 0.00000E+00
 -1        54 0.00000E+00
 -1        55 0.00000E+00
 -1        56 0.00000E+00
 -1        57 0.00000E+00
 -1        58 0.00000E+00
 -1        59 0.00000E+00
 -1        60 0.00000E+00
 -1        61 0.00000E+00
 -1        62 0.00000E+00
 -1        63 0.00000E+00
 -1        64 0.00000E+00
 -1        65 0.00000E+00
 -1        66 0.00000E+00
 -1        67 0.00000E+00
 -1        68 0.00000E+00
 -1        69 0.00000E+00
 -1        70 0.00000E+00
 -1        71 0.00000E+00
 -1        72 0.00000E+00
 -1        73 0.00000E+00
 -1        74 0.00000E+00
 -1        75 0.00000E+00
 -1        76 0.00000E+00
 -1        77 0.00000E+00
 -1        78 0.00000E+00
 -1        79 0.00000E+00
 -1        80 0.00000E+00
 -1        81 0.00000E+00
 -1        82 0.00000E+00
 -1        83 0.00000E+00
 -1        84 0.00000E+00
 -1        85 0.00000E+00
 -1        86 0.00000E+00
 -1        87 0.00000E+00
 -1        88 0.00000E+00
 -1        89 0.00000E+00
 -1        90 0.00000E+00
 -1        91 0.00000E+00
 -1        92 0.00000E+00
 -1        93 0.00000E+00
 -1        94 0.00000E+00
 -1        95 0.00000E+00
 -1        96 0.00000E+00
 -1        97 0.00000E+00
 -1        98 0.00000E+00
 -1        99 0.00000E+00
 -1       100 0.00000E+00
 -1       101 0.00000E+00
 -1       102 0.00000E+00
 -1       103 0.00000E+00
 -1       104 0.00000E+00
 -1       105 0.00000E+00
 -1       106 0.00000E+00
 -1       107 0.00000E+00
 -1       108 0.00000E+00
 -1       109 0.00000E+00
 -1       110 0.00000E+00
 -1       111 0.00000E+00
 -1       112 0.00000E+00
 -1       113 0.00000E+00
 -1       114 0.00000E+00
 -1       115 0.00000E+00
 -1       116 0.00000E+00
 -1       117 0.00000E+00
 -1       118 0.00000E+00
 -1       119 0.00000E+00
 -1       120 0.00000E+00
 -1       121 0.00000E+00
 -1       122 0.00000E+00
 -1       123 0.00000E+00
 -1       124 0.00000E+00
 -1       125 0.00000E+00
 -1       126 0.00000E+00
 -1       127 0.00000E+00
 -1       128 0.00000E+00
 -1       129 0.00000E+00
 -1       130 0.00000E+00
 -1       131 0.00000E+00
 -1       132 0.00000E+00
 -1       133 0.00000E+00
 -1       134 0.00000E+00
 -1       135 0.00000E+00
 -1       136 0.00000E+00
 -1       137 0.00000E+00
 -1       138 0.00000E+00
 -1       139 0.00000E+00
 -1       140 0.00000E+00
 -1       141 0.00000E+00
 -1       142 0.00000E+00
 -1       143 0.00000E+00
 -1       144 0.00000E+00
 -1       145 0.00000E+00
 -1       146 0.00000E+00
 -1       147 0.00000E+00
 -1       148 0.00000E+00
 -1       149 0.00000E+00
 -1       150 0.00000E+00
 -1       151 0.00000E+00
 -1       152 0.00000E+00
 -1       153 0.00000E+00
 -1       154 0.00000E+00
 -1       155 0.00000E+00
 -1       156 0.00000E+00
 -1       157 0.00000E+00
 -1       158 0.00000E+00
 -1       159 0.00000E+00
 -1       160 0.00000E+00
 -1       161 0.00000E+00
 -1       162 0.00000E+00
 -1       163 0.00000E+00
 -1       164 0.00000E+00
 -1       165 0.00000E+00
 -1       166 0.00000E+00
 -1       167 0.00000E+00
 -1       168 0.00000E+00
 -1       169 0.00000E+00
 -1       170 0.00000E+00
 -1       171 0.00000E+00
 -1       172 0.00000E+00
 -1       173 0.00000E+00
 -1       174 0.00000E+00
 -1       175 0.00000E+00
 -1       176 0.00000E+00
 -1       177 0.00000E+00
 -1       178 0.00000E+00
 -1       179 0.00000E+00
 -1       180 0.00000E+00
 -1       181 0.00000E+00
 -1       182 0.00000E+00
 -1       183 0.00000E+00
 -1       184 0.00000E+00
 -1       185 0.00000E+00
 -1       186 0.00000E+00
 -1       187 0.00000E+00
 -1       188 0.00000E+00
 -1       189 0.00000E+00
 -1       190 0.00000E+00
 -1       191 0.00000E+00
 -1       192 0.00000E+00
 -1       193 0.00000E+00
 -1       194 0.00000E+00
 -1       195 0.00000E+00
 -1       196 0.00000E+00
 -1       197 0.00000E+00
 -1       198 0.00000E+00
 -1       199 0.00000E+00
 -1       200 0.00000E+00
 -1       201 0.00000E+00
 -1       202 0.00000E+00
 -1       203 0.00000E+00
 -1       204 0.00000E+00
 -1       205 0.00000E+00
 -1       206 0.00000E+00
 -1       207 0.00000E+00
 -1       208 0.00000E+00
 -1       209 0.00000E+00
 -1       210 0.00000E+00
 -1       211 0.00000E+00
 -1       212 0.00000E+00
 -1       213 0.00000E+00
 -1       214 0.00000E+00
 -1       215 0.00000E+00
 -1       216 0.00000E+00
 -1       217 0.00000E+00
 -1       218 0.00000E+00
 -1       219 0.00000E+00
 -1       220 0.00000E+00
 -1       221 0.00000E+00
 -1       222 0.00000E+00
 -1       223 0.00000E+00
 -1       224 0.00000E+00
 -1       225 0.00000E+00
 -1       226 0.00000E+00
 -1       227 0.00000E+00
 -1       228 0.00000E+00
 -1       229 0.00000E+00
 -1       230 0.00000E+00
 -1       231 0.00000E+00
 -1       232 0.00000E+00
 -1       233 0.00000E+00
 -1       234 0.00000E+00
 -1       235 0.00000E+00
 -1       236 0.00000E+00
 -1       237 0.00000E+00
 -1       238 0.00000E+00
 -1       239 0.00000E+00
 -1       240 0.00000E+00
 -1       241 0.00000E+00
 -1       242 0.00000E+00
 -1       243 0.00000E+00
 -1       244 0.00000E+00
 -1       245 0.00000E+00
 -1       246 0.00000E+00
 -1       247 0.00000E+00
 -1       248 0.00000E+00
 -1       249 0.00000E+00
 -1       250 0.00000E+00
 -1       251 0.00000E+00
 -1       252 0.00000E+00
 -1       253 0.00000E+00
 -1       254 0.00000E+00
 -1       255 0.00000E+00
 -1       256 0.00000E+00
 -1       257 0.00000E+00
 -1       258 0.00000E+00
 -1       259 0.00000E+00
 -1       260 0.00000E+00
 -1       261 0.00000E+00
 -1       262 0.00000E+00
 -1       263 0.00000E+00
 -1       264 0.00000E+00
 -1       265 0.00000E+00
 -1       266 0.00000E+00
 -1       267 0.00000E+00
 -1       268 0.00000E+00
 -1       269 0.00000E+00
 -1       270 0.00000E+00
 -1       271 0.00000E+00
 -1       272 0.00000E+00
 -1       273 0.00000E+00
 -1       274 0.00000E+00
 -1       275 0.00000E+00
 -1       276 0.00000E+00
 -1       277 0.00000E+00
 -1       278 0.00000E+00
 -1       279 0.00000E+00
 -1       280 0.00000E+00
 -1       281 0.00000E+00
 -1       282 0.00000E+00
 -1       283 0.00000E+00
 -1       284 0.00000E+00
 -1       285 0.00000E+00
 -1       286 0.00000E+00
 -1       287 0.00000E+00
 -1       288 0.00000E+00
 -1       289 0.00000E+00
 -1       290 0.00000E+00
 -1       291 0.00000E+00
 -1       292 0.00000E+00
 -1       293 0.00000E+00
 -1       294 0.00000E+00
 -1       295 0.00000E+00
 -1       296 0.00000E+00
 -1       297 0.00000E+00
 -1       298 0.00000E+00
 -1       299 0.00000E+00
 -1       300 0.00000E+00
 -1       301 0.00000E+00
 -1       302 0.00000E+00
 -1       303 0.00000E+00
 -1       304 0.00000E+00
 -1       305 0.00000E+00
 -1       306 0.00000E+00
 -1       307 0.00000E+00
 -1       308 0.00000E+00
 -1       309 0.00000E+00
 -1       310 0.00000E+00
 -1       311 0.00000E+00
 -1       312 0.00000E+00
 -1       313 0.00000E+00
 -1       314 0.00000E+00
 -1       315 0.00000E+00
 -1       316 0.00000E+00
 -1       317 0.00000E+00
 -1       318 0.00000E+00
 -1       319 0.00000E+00
 -1       320 0.00000E+00
 -3
    1PSHOCKCOEF=     0.0000000000000                                                                                                
    1PSTEP                         1                                                                                                
  100CL  1015.1041022067         320                     3    1           1                                                         
 -4  V3DF        4    1                                                                                                             
 -5  V1          1    2    1    0                                                                                                   
 -5  V2          1    2    2    0                                                                                                   
 -5  V3          1    2    3    0                                                                                                   
 -5  ALL         1    2    0    0    1ALL                                                                                           
 -1         1 0.00000E+00-1.00000E+00 0.00000E+00
 -1         2-1.95090E-01-9.80785E-01 0.00000E+00
 -1         3-1.95090E-01-9.80785E-01 0.00000E+00
 -1         4 0.00000E+00-1.00000E+00 0.00000E+00
 -1         5-3.88410E-03-8.72325E-01 0.00000E+00
 -1         6-1.73992E-01-8.54806E-01 0.00000E+00
 -1         7-1.73992E-01-8.54806E-01 0.00000E+00
 -1         8-3.88410E-03-8.72325E-01 0.00000E+00
 -1         9-1.58275E-02-7.46562E-01 0.00000E+00
 -1        10-1.61170E-01-7.29129E-01 0.00000E+00
 -1        11-1.61170E-01-7.29129E-01 0.00000E+00
 -1        12-1.58275E-02-7.46562E-01 0.00000E+00
 -1        13-4.32250E-02-6.22858E-01 0.00000E+00
 -1        14-1.63908E-01-6.02457E-01 0.00000E+00
 -1        15-1.63908E-01-6.02457E-01 0.00000E+00
 -1        16-4.32250E-02-6.22858E-01 0.00000E+00
 -1        17 0.00000E+00-5.00000E-01 0.00000E+00
 -1        18-9.75452E-02-4.90393E-01 0.00000E+00
 -1        19-9.75452E-02-4.90393E-01 0.00000E+00
 -1        20 0.00000E+00-5.00000E-01 0.00000E+00
 -1        21-3.82683E-01-9.23880E-01 0.00000E+00
 -1        22-3.82683E-01-9.23880E-01 0.00000E+00
 -1        23-3.37413E-01-8.04437E-01 0.00000E+00
 -1        24-3.37413E-01-8.04437E-01 0.00000E+00
 -1        25-3.00319E-01-6.83676E-01 0.00000E+00
 -1        26-3.00319E-01-6.83676E-01 0.00000E+00
 -1        27-2.78292E-01-5.58904E-01 0.00000E+00
 -1        28-2.78292E-01-5.58904E-01 0.00000E+00
 -1        29-1.91342E-01-4.61940E-01 0.00000E+00
 -1        30-1.91342E-01-4.61940E-01 0.00000E+00
 -1        31-5.55570E-01-8.31470E-01 0.00000E+00
 -1        32-5.55570E-01-8.31470E-01 0.00000E+00
 -1        33-4.87867E-01-7.23154E-01 0.00000E+00
 -1        34-4.87867E-01-7.23154E-01 0.00000E+00
 -1        35-4.27927E-01-6.11950E-01 0.00000E+00
 -1        36-4.27927E-01-6.11950E-01 0.00000E+00
 -1        37-3.81981E-01-4.93873E-01 0.00000E+00
 -1        38-3.81981E-01-4.93873E-01 0.00000E+00
 -1        39-2.77785E-01-4.15735E-01 0.00000E+00
 -1        40-2.77785E-01-4.15735E-01 0.00000E+00
 -1        41-7.07107E-01-7.07107E-01 0.00000E+00
 -1        42-7.07107E-01-7.07107E-01 0.00000E+00
 -1        43-6.19573E-01-6.14081E-01 0.00000E+00
 -1        44-6.19573E-01-6.14081E-01 0.00000E+00
 -1        45-5.39090E-01-5.16707E-01 0.00000E+00
 -1        46-5.39090E-01-5.16707E-01 0.00000E+00
 -1        47-4.70991E-01-4.09862E-01 0.00000E+00
 -1        48-4.70991E-01-4.09862E-01 0.00000E+00
 -1        49-3.53553E-01-3.53553E-01 0.00000E+00
 -1        50-3.53553E-01-3.53553E-01 0.00000E+00
 -1        51-8.31470E-01-5.55570E-01 0.00000E+00
 -1        52-8.31470E-01-5.55570E-01 0.00000E+00
 -1        53-7.27470E-01-4.81408E-01 0.00000E+00
 -1        54-7.27470E-01-4.81408E-01 0.00000E+00
 -1        55-6.29537E-01-4.01607E-01 0.00000E+00
 -1        56-6.29537E-01-4.01607E-01 0.00000E+00
 -1        57-5.41902E-01-3.10101E-01 0.00000E+00
 -1        58-5.41902E-01-3.10101E-01 0.00000E+00
 -1        59-4.15735E-01-2.77785E-01 0.00000E+00
 -1        60-4.15735E-01-2.77785E-01 0.00000E+00
 -1        61-9.23880E-01-3.82683E-01 0.00000E+00
 -1        62-9.23880E-01-3.82683E-01 0.00000E+00
 -1        63-8.07410E-01-3.30236E-01 0.00000E+00
 -1        64-8.07410E-01-3.30236E-01 0.00000E+00
 -1        65-6.95790E-01-2.71074E-01 0.00000E+00
 -1        66-6.95790E-01-2.71074E-01 0.00000E+00
 -1        67-5.91987E-01-1.98423E-01 0.00000E+00
 -1        68-5.91987E-01-1.98423E-01 0.00000E+00
 -1        69-4.61940E-01-1.91342E-01 0.00000E+00
 -1        70-4.61940E-01-1.91342E-01 0.00000E+00
 -1        71-9.80785E-01-1.95090E-01 0.00000E+00
 -1        72-9.80785E-01-1.95090E-01 0.00000E+00
 -1        73-8.56321E-01-1.66373E-01 0.00000E+00
 -1        74-8.56321E-01-1.66373E-01 0.00000E+00
 -1        75-7.35304E-01-1.30124E-01 0.00000E+00
 -1        76-7.35304E-01-1.30124E-01 0.00000E+00
 -1        77-6.19322E-01-7.91191E-02 0.00000E+00
 -1        78-6.19322E-01-7.91191E-02 0.00000E+00
 -1        79-4.90393E-01-9.75452E-02 0.00000E+00
 -1        80-4.90393E-01-9.75452E-02 0.00000E+00
 -1        81-1.00000E+00 0.00000E+00 0.00000E+00
 -1        82-1.00000E+00 0.00000E+00 0.00000E+00
 -1        83-8.72325E-01 3.88410E-03 0.00000E+00
 -1        84-8.72325E-01 3.88410E-03 0.00000E+00
 -1        85-7.46562E-01 1.58275E-02 0.00000E+00
 -1        86-7.46562E-01 1.58275E-02 0.00000E+00
 -1        87-6.22858E-01 4.32250E-02 0.00000E+00
 -1        88-6.22858E-01 4.32250E-02 0.00000E+00
 -1        89-5.00000E-01 0.00000E+00 0.00000E+00
 -1        90-5.00000E-01 0.00000E+00 0.00000E+00
 -1        91 1.00000E+00 0.00000E+00 0.00000E+00
 -1        92 9.80785E-01-1.95090E-01 0.00000E+00
 -1        93 9.80785E-01-1.95090E-01 0.00000E+00
 -1        94 1.00000E+00 0.00000E+00 0.00000E+00
 -1        95 8.72325E-01-3.88410E-03 0.00000E+00
 -1        96 8.54806E-01-1.73992E-01 0.00000E+00
 -1        97 8.54806E-01-1.73992E-01 0.00000E+00
 -1        98 8.72325E-01-3.88410E-03 0.00000E+00
 -1        99 7.46562E-01-1.58275E-02 0.00000E+00
 -1       100 7.29129E-01-1.61170E-01 0.00000E+00
 -1       101 7.29129E-01-1.61170E-01 0.00000E+00
 -1       102 7.46562E-01-1.58275E-02 0.00000E+00
 -1       103 6.22858E-01-4.32250E-02 0.00000E+00
 -1       104 6.02457E-01-1.63908E-01 0.00000E+00
 -1       105 6.02457E-01-1.63908E-01 0.00000E+00
 -1       106 6.22858E-01-4.32250E-02 0.00000E+00
 -1       107 5.00000E-01 0.00000E+00 0.00000E+00
 -1       108 4.90393E-01-9.75452E-02 0.00000E+00
 -1       109 4.90393E-01-9.75452E-02 0.00000E+00
 -1       110 5.00000E-01 0.00000E+00 0.00000E+00
 -1       111 9.23880E-01-3.82683E-01 0.00000E+00
 -1       112 9.23880E-01-3.82683E-01 0.00000E+00
 -1       113 8.04437E-01-3.37413E-01 0.00000E+00
 -1       114 8.04437E-01-3.37413E-01 0.00000E+00
 -1       115 6.83676E-01-3.00319E-01 0.00000E+00
 -1       116 6.83676E-01-3.00319E-01 0.00000E+00
 -1       117 5.58904E-01-2.78292E-01 0.00000E+00
 -1       118 5.58904E-01-2.78292E-01 0.00000E+00
 -1       119 4.61940E-01-1.91342E-01 0.00000E+00
 -1       120 4.61940E-01-1.91342E-01 0.00000E+00
 -1       121 8.31470E-01-5.55570E-01 0.00000E+00
 -1       122 8.31470E-01-5.55570E-01 0.00000E+00
 -1       123 7.23154E-01-4.87867E-01 0.00000E+00
 -1       124 7.23154E-01-4.87867E-01 0.00000E+00
 -1       125 6.11950E-01-4.27927E-01 0.00000E+00
 -1       126 6.11950E-01-4.27927E-01 0.00000E+00
 -1       127 4.93873E-01-3.81981E-01 0.00000E+00
 -1       128 4.93873E-01-3.81981E-01 0.00000E+00
 -1       129 4.15735E-01-2.77785E-01 0.00000E+00
 -1       130 4.15735E-01-2.77785E-01 0.00000E+00
 -1       131 7.07107E-01-7.07107E-01 0.00000E+00
 -1       132 7.07107E-01-7.07107E-01 0.00000E+00
 -1       133 6.14081E-01-6.19573E-01 0.00000E+00
 -1       134 6.14081E-01-6.19573E-01 0.00000E+00
 -1       135 5.16707E-01-5.39090E-01 0.00000E+00
 -1       136 5.16707E-01-5.39090E-01 0.00000E+00
 -1       137 4.09862E-01-4.70991E-01 0.00000E+00
 -1       138 4.09862E-01-4.70991E-01 0.00000E+00
 -1       139 3.53553E-01-3.53553E-01 0.00000E+00
 -1       140 3.53553E-01-3.53553E-01 0.00000E+00
 -1       141 5.55570E-01-8.31470E-01 0.00000E+00
 -1       142 5.55570E-01-8.31470E-01 0.00000E+00
 -1       143 4.81408E-01-7.27470E-01 0.00000E+00
 -1       144 4.81408E-01-7.27470E-01 0.00000E+00
 -1       145 4.01607E-01-6.29537E-01 0.00000E+00
 -1       146 4.01607E-01-6.29537E-01 0.00000E+00
 -1       147 3.10101E-01-5.41902E-01 0.00000E+00
 -1       148 3.10101E-01-5.41902E-01 0.00000E+00
 -1       149 2.77785E-01-4.15735E-01 0.00000E+00
 -1       150 2.77785E-01-4.15735E-01 0.00000E+00
 -1       151 3.82683E-01-9.23880E-01 0.00000E+00
 -1       152 3.82683E-01-9.23880E-01 0.00000E+00
 -1       153 3.30236E-01-8.07410E-01 0.00000E+00
 -1       154 3.30236E-01-8.07410E-01 0.00000E+00
 -1       155 2.71074E-01-6.95790E-01 0.00000E+00
 -1       156 2.71074E-01-6.95790E-01 0.00000E+00
 -1       157 1.98423E-01-5.91987E-01 0.00000E+00
 -1       158 1.98423E-01-5.91987E-01 0.00000E+00
 -1       159 1.91342E-01-4.61940E-01 0.00000E+00
 -1       160 1.91342E-01-4.61940E-01 0.00000E+00
 -1       161 1.95090E-01-9.80785E-01 0.00000E+00
 -1       162 1.95090E-01-9.80785E-01 0.00000E+00
 -1       163 1.66373E-01-8.56321E-01 0.00000E+00
 -1       164 1.66373E-01-8.56321E-01 0.00000E+00
 -1       165 1.30124E-01-7.35304E-01 0.00000E+00
 -1       166 1.30124E-01-7.35304E-01 0.00000E+00
 -1       167 7.91191E-02-6.19322E-01 0.00000E+00
 -1       168 7.91191E-02-6.19322E-01 0.00000E+00
 -1       169 9.75452E-02-4.90393E-01 0.00000E+00
 -1       170 9.75452E-02-4.90393E-01 0.00000E+00
 -1       171 0.00000E+00 1.00000E+00 0.00000E+00
 -1       172 1.95090E-01 9.80785E-01 0.00000E+00
 -1       173 1.95090E-01 9.80785E-01 0.00000E+00
 -1       174 0.00000E+00 1.00000E+00 0.00000E+00
 -1       175 3.88410E-03 8.72325E-01 0.00000E+00
 -1       176 1.73992E-01 8.54806E-01 0.00000E+00
 -1       177 1.73992E-01 8.54806E-01 0.00000E+00
 -1       178 3.88410E-03 8.72325E-01 0.00000E+00
 -1       179 1.58275E-02 7.46562E-01 0.00000E+00
 -1       180 1.61170E-01 7.29129E-01 0.00000E+00
 -1       181 1.61170E-01 7.29129E-01 0.00000E+00
 -1       182 1.58275E-02 7.46562E-01 0.00000E+00
 -1       183 4.32250E-02 6.22858E-01 0.00000E+00
 -1       184 1.63908E-01 6.02457E-01 0.00000E+00
 -1       185 1.63908E-01 6.02457E-01 0.00000E+00
 -1       186 4.32250E-02 6.22858E-01 0.00000E+00
 -1       187 0.00000E+00 5.00000E-01 0.00000E+00
 -1       188 9.75452E-02 4.90393E-01 0.00000E+00
 -1       189 9.75452E-02 4.90393E-01 0.00000E+00
 -1       190 0.00000E+00 5.00000E-01 0.00000E+00
 -1       191 3.82683E-01 9.23880E-01 0.00000E+00
 -1       192 3.82683E-01 9.23880E-01 0.00000E+00
 -1       193 3.37413E-01 8.04437E-01 0.00000E+00
 -1       194 3.37413E-01 8.04437E-01 0.00000E+00
 -1       195 3.00319E-01 6.83676E-01 0.00000E+00
 -1       196 3.00319E-01 6.83676E-01 0.00000E+00
 -1       197 2.78292E-01 5.58904E-01 0.00000E+00
 -1       198 2.78292E-01 5.58904E-01 0.00000E+00
 -1       199 1.91342E-01 4.61940E-01 0.00000E+00
 -1       200 1.91342E-01 4.61940E-01 0.00000E+00
 -1       201 5.55570E-01 8.31470E-01 0.00000E+00
 -1       202 5.55570E-01 8.31470E-01 0.00000E+00
 -1       203 4.87867E-01 7.23154E-01 0.00000E+00
 -1       204 4.87867E-01 7.23154E-01 0.00000E+00
 -1       205 4.27927E-01 6.11950E-01 0.00000E+00
 -1       206 4.27927E-01 6.11950E-01 0.00000E+00
 -1       207 3.81981E-01 4.93873E-01 0.00000E+00
 -1       208 3.81981E-01 4.93873E-01 0.00000E+00
 -1       209 2.77785E-01 4.15735E-01 0.00000E+00
 -1       210 2.77785E-01 4.15735E-01 0.00000E+00
 -1       211 7.07107E-01 7.07107E-01 0.00000E+00
 -1       212 7.07107E-01 7.07107E-01 0.00000E+00
 -1       213 6.19573E-01 6.14081E-01 0.00000E+00
 -1       214 6.19573E-01 6.14081E-01 0.00000E+00
 -1       215 5.39090E-01 5.16707E-01 0.00000E+00
 -1       216 5.39090E-01 5.16707E-01 0.00000E+00
 -1       217 4.70991E-01 4.09862E-01 0.00000E+00
 -1       218 4.70991E-01 4.09862E-01 0.00000E+00
 -1       219 3.53553E-01 3.53553E-01 0.00000E+00
 -1       220 3.53553E-01 3.53553E-01 0.00000E+00
 -1       221 8.31470E-01 5.55570E-01 0.00000E+00
 -1       222 8.31470E-01 5.55570E-01 0.00000E+00
 -1       223 7.27470E-01 4.81408E-01 0.00000E+00
 -1       224 7.27470E-01 4.81408E-01 0.00000E+00
 -1       225 6.29537E-01 4.01607E-01 0.00000E+00
 -1       226 6.29537E-01 4.01607E-01 0.00000E+00
 -1       227 5.41902E-01 3.10101E-01 0.00000E+00
 -1       228 5.41902E-01 3.10101E-01 0.00000E+00
 -1       229 4.15735E-01 2.77785E-01 0.00000E+00
 -1       230 4.15735E-01 2.77785E-01 0.00000E+00
 -1       231 9.23880E-01 3.82683E-01 0.00000E+00
 -1       232 9.23880E-01 3.82683E-01 0.00000E+00
 -1       233 8.07410E-01 3.30236E-01 0.00000E+00
 -1       234 8.07410E-01 3.30236E-01 0.00000E+00
 -1       235 6.95790E-01 2.71074E-01 0.00000E+00
 -1       236 6.95790E-01 2.71074E-01 0.00000E+00
 -1       237 5.91987E-01 1.98423E-01 0.00000E+00
 -1       238 5.91987E-01 1.98423E-01 0.00000E+00
 -1       239 4.61940E-01 1.91342E-01 0.00000E+00
 -1       240 4.61940E-01 1.91342E-01 0.00000E+00
 -1       241 9.80785E-01 1.95090E-01 0.00000E+00
 -1       242 9.80785E-01 1.95090E-01 0.00000E+00
 -1       243 8.56321E-01 1.66373E-01 0.00000E+00
 -1       244 8.56321E-01 1.66373E-01 0.00000E+00
 -1       245 7.35304E-01 1.30124E-01 0.00000E+00
 -1       246 7.35304E-01 1.30124E-01 0.00000E+00
 -1       247 6.19322E-01 7.91191E-02 0.00000E+00
 -1       248 6.19322E-01 7.91191E-02 0.00000E+00
 -1       249 4.90393E-01 9.75452E-02 0.00000E+00
 -1       250 4.90393E-01 9.75452E-02 0.00000E+00
 -1       251-9.80785E-01 1.95090E-01 0.00000E+00
 -1       252-9.80785E-01 1.95090E-01 0.00000E+00
 -1       253-8.54806E-01 1.73992E-01 0.00000E+00
 -1       254-8.54806E-01 1.73992E-01 0.00000E+00
 -1       255-7.29129E-01 1.61170E-01 0.00000E+00
 -1       256-7.29129E-01 1.61170E-01 0.00000E+00
 -1       257-6.02457E-01 1.63908E-01 0.00000E+00
 -1       258-6.02457E-01 1.63908E-01 0.00000E+00
 -1       259-4.90393E-01 9.75452E-02 0.00000E+00
 -1       260-4.90393E-01 9.75452E-02 0.00000E+00
 -1       261-9.23880E-01 3.82683E-01 0.00000E+00
 -1       262-9.23880E-01 3.82683E-01 0.00000E+00
 -1       263-8.04437E-01 3.37413E-01 0.00000E+00
 -1       264-8.04437E-01 3.37413E-01 0.00000E+00
 -1       265-6.83676E-01 3.00319E-01 0.00000E+00
 -1       266-6.83676E-01 3.00319E-01 0.00000E+00
 -1       267-5.58904E-01 2.78292E-01 0.00000E+00
 -1       268-5.58904E-01 2.78292E-01 0.00000E+00
 -1       269-4.61940E-01 1.91342E-01 0.00000E+00
 -1       270-4.61940E-01 1.91342E-01 0.00000E+00
 -1       271-8.31470E-01 5.55570E-01 0.00000E+00
 -1       272-8.31470E-01 5.55570E-01 0.00000E+00
 -1       273-7.23154E-01 4.87867E-01 0.00000E+00
 -1       274-7.23154E-01 4.87867E-01 0.00000E+00
 -1       275-6.11950E-01 4.27927E-01 0.00000E+00
 -1       276-6.11950E-01 4.27927E-01 0.00000E+00
 -1       277-4.93873E-01 3.81981E-01 0.00000E+00
 -1       278-4.93873E-01 3.81981E-01 0.00000E+00
 -1       279-4.15735E-01 2.77785E-01 0.00000E+00
 -1       280-4.15735E-01 2.77785E-01 0.00000E+00
 -1       281-7.07107E-01 7.07107E-01 0.00000E+00
 -1       282-7.07107E-01 7.07107E-01 0.00000E+00
 -1       283-6.14081E-01 6.19573E-01 0.00000E+00
 -1       284-6.14081E-01 6.19573E-01 0.00000E+00
 -1       285-5.16707E-01 5.39090E-01 0.00000E+00
 -1       286-5.16707E-01 5.39090E-01 0.00000E+00
 -1       287-4.09862E-01 4.70991E-01 0.00000E+00
 -1       288-4.09862E-01 4.70991E-01 0.00000E+00
 -1       289-3.53553E-01 3.53553E-01 0.00000E+00
 -1       290-3.53553E-01 3.53553E-01 0.00000E+00
 -1       291-5.55570E-01 8.31470E-01 0.00000E+00
 -1       292-5.55570E-01 8.31470E-01 0.00000E+00
 -1       293-4.81408E-01 7.27470E-01 0.00000E+00
 -1       294-4.81408E-01 7.27470E-01 0.00000E+00
 -1       295-4.01607E-01 6.29537E-01 0.00000E+00
 -1       296-4.01607E-01 6.29537E-01 0.00000E+00
 -1       297-3.10101E-01 5.41902E-01 0.00000E+00
 -1       298-3.10101E-01 5.41902E-01 0.00000E+00
 -1       299-2.77785E-01 4.15735E-01 0.00000E+00
 -1       300-2.77785E-01 4.15735E-01 0.00000E+00
 -1       301-3.82683E-01 9.23880E-01 0.00000E+00
 -1       302-3.82683E-01 9.23880E-01 0.00000E+00
 -1       303-3.30236E-01 8.07410E-01 0.00000E+00
 -1       304-3.30236E-01 8.07410E-01 0.00000E+00
 -1       305-2.71074E-01 6.95790E-01 0.00000E+00
 -1       306-2.71074E-01 6.95790E-01 0.00000E+00
 -1       307-1.98423E-01 5.91987E-01 0.00000E+00
 -1       308-1.98423E-01 5.91987E-01 0.00000E+00
 -1       309-1.91342E-01 4.61940E-01 0.00000E+00
 -1       310-1.91342E-01 4.61940E-01 0.00000E+00
 -1       311-1.95090E-01 9.80785E-01 0.00000E+00
 -1       312-1.95090E-01 9.80785E-01 0.00000E+00
 -1       313-1.66373E-01 8.56321E-01 0.00000E+00
 -1       314-1.66373E-01 8.56321E-01 0.00000E+00
 -1       315-1.30124E-01 7.35304E-01 0.00000E+00
 -1       316-1.30124E-01 7.35304E-01 0.00000E+00
 -1       317-7.91191E-02 6.19322E-01 0.00000E+00
 -1       318-7.91191E-02 6.19322E-01 0.00000E+00
 -1       319-9.75452E-02 4.90393E-01 0.00000E+00
 -1       320-9.75452E-02 4.90393E-01 0.00000E+00
 -3
    1PSHOCKCOEF=     0.0000000000000                                                                                                
    1PSTEP                         1                                                                                                
  100CL  1015.1041022067         320                     3    1           1                                                         
 -4  PS3DF       1    1                                                                                                             
 -5  PS          1    1    0    0                                                                                                   
 -1         1 7.63119E+00
 -1         2 7.63119E+00
 -1         3 7.63119E+00
 -1         4 7.63119E+00
 -1         5 1.48496E+00
 -1         6 1.48496E+00
 -1         7 1.48496E+00
 -1         8 1.48496E+00
 -1         9 1.33506E-01
 -1        10 1.33506E-01
 -1        11 1.33506E-01
 -1        12 1.33506E-01
 -1        13 2.32008E-01
 -1        14 2.32008E-01
 -1        15 2.32008E-01
 -1        16 2.32008E-01
 -1        17 1.00000E+00
 -1        18 1.00000E+00
 -1        19 1.00000E+00
 -1        20 1.00000E+00
 -1        21 7.63119E+00
 -1        22 7.63119E+00
 -1        23 1.48496E+00
 -1        24 1.48496E+00
 -1        25 1.33506E-01
 -1        26 1.33506E-01
 -1        27 2.32008E-01
 -1        28 2.32008E-01
 -1        29 1.00000E+00
 -1        30 1.00000E+00
 -1        31 7.63119E+00
 -1        32 7.63119E+00
 -1        33 1.48496E+00
 -1        34 1.48496E+00
 -1        35 1.33506E-01
 -1        36 1.33506E-01
 -1        37 2.32008E-01
 -1        38 2.32008E-01
 -1        39 1.00000E+00
 -1        40 1.00000E+00
 -1        41 7.63119E+00
 -1        42 7.63119E+00
 -1        43 1.48496E+00
 -1        44 1.48496E+00
 -1        45 1.33506E-01
 -1        46 1.33506E-01
 -1        47 2.32008E-01
 -1        48 2.32008E-01
 -1        49 1.00000E+00
 -1        50 1.00000E+00
 -1        51 7.63119E+00
 -1        52 7.63119E+00
 -1        53 1.48496E+00
 -1        54 1.48496E+00
 -1        55 1.33506E-01
 -1        56 1.33506E-01
 -1        57 2.32008E-01
 -1        58 2.32008E-01
 -1        59 1.00000E+00
 -1        60 1.00000E+00
 -1        61 7.63119E+00
 -1        62 7.63119E+00
 -1        63 1.48496E+00
 -1        64 1.48496E+00
 -1        65 1.33506E-01
 -1        66 1.33506E-01
 -1        67 2.32008E-01
 -1        68 2.32008E-01
 -1        69 1.00000E+00
 -1        70 1.00000E+00
 -1        71 7.63119E+00
 -1        72 7.63119E+00
 -1        73 1.48496E+00
 -1        74 1.48496E+00
 -1        75 1.33506E-01
 -1        76 1.33506E-01
 -1        77 2.32008E-01
 -1        78 2.32008E-01
 -1        79 1.00000E+00
 -1        80 1.00000E+00
 -1        81 7.63119E+00
 -1        82 7.63119E+00
 -1        83 1.48496E+00
 -1        84 1.48496E+00
 -1        85 1.33506E-01
 -1        86 1.33506E-01
 -1        87 2.32008E-01
 -1        88 2.32008E-01
 -1        89 1.00000E+00
 -1        90 1.00000E+00
 -1        91 7.63119E+00
 -1        92 7.63119E+00
 -1        93 7.63119E+00
 -1        94 7.63119E+00
 -1        95 1.48496E+00
 -1        96 1.48496E+00
 -1        97 1.48496E+00
 -1        98 1.48496E+00
 -1        99 1.33506E-01
 -1       100 1.33506E-01
 -1       101 1.33506E-01
 -1       102 1.33506E-01
 -1       103 2.32008E-01
 -1       104 2.32008E-01
 -1       105 2.32008E-01
 -1       106 2.32008E-01
 -1       107 1.00000E+00
 -1       108 1.00000E+00
 -1       109 1.00000E+00
 -1       110 1.00000E+00
 -1       111 7.63119E+00
 -1       112 7.63119E+00
 -1       113 1.48496E+00
 -1       114 1.48496E+00
 -1       115 1.33506E-01
 -1       116 1.33506E-01
 -1       117 2.32008E-01
 -1       118 2.32008E-01
 -1       119 1.00000E+00
 -1       120 1.00000E+00
 -1       121 7.63119E+00
 -1       122 7.63119E+00
 -1       123 1.48496E+00
 -1       124 1.48496E+00
 -1       125 1.33506E-01
 -1       126 1.33506E-01
 -1       127 2.32008E-01
 -1       128 2.32008E-01
 -1       129 1.00000E+00
 -1       130 1.00000E+00
 -1       131 7.63119E+00
 -1       132 7.63119E+00
 -1       133 1.48496E+00
 -1       134 1.48496E+00
 -1       135 1.33506E-01
 -1       136 1.33506E-01
 -1       137 2.32008E-01
 -1       138 2.32008E-01
 -1       139 1.00000E+00
 -1       140 1.00000E+00
 -1       141 7.63119E+00
 -1       142 7.63119E+00
 -1       143 1.48496E+00
 -1       144 1.48496E+00
 -1       145 1.33506E-01
 -1       146 1.33506E-01
 -1       147 2.32008E-01
 -1       148 2.32008E-01
 -1       149 1.00000E+00
 -1       150 1.00000E+00
 -1       151 7.63119E+00
 -1       152 7.63119E+00
 -1       153 1.48496E+00
 -1       154 1.48496E+00
 -1       155 1.33506E-01
 -1       156 1.33506E-01
 -1       157 2.32008E-01
 -1       158 2.32008E-01
 -1       159 1.00000E+00
 -1       160 1.00000E+00
 -1       161 7.63119E+00
 -1       162 7.63119E+00
 -1       163 1.48496E+00
 -1       164 1.48496E+00
 -1       165 1.33506E-01
 -1       166 1.33506E-01
 -1       167 2.32008E-01
 -1       168 2.32008E-01
 -1       169 1.00000E+00
 -1       170 1.00000E+00
 -1       171 7.63119E+00
 -1       172 7.63119E+00
 -1       173 7.63119E+00
 -1       174 7.63119E+00
 -1       175 1.48496E+00
 -1       176 1.48496E+00
 -1       177 1.48496E+00
 -1       178 1.48496E+00
 -1       179 1.33506E-01
 -1       180 1.33506E-01
 -1       181 1.33506E-01
 -1       182 1.33506E-01
 -1       183 2.32008E-01
 -1       184 2.32008E-01
 -1       185 2.32008E-01
 -1       186 2.32008E-01
 -1       187 1.00000E+00
 -1       188 1.00000E+00
 -1       189 1.00000E+00
 -1       190 1.00000E+00
 -1       191 7.63119E+00
 -1       192 7.63119E+00
 -1       193 1.48496E+00
 -1       194 1.48496E+00
 -1       195 1.33506E-01
 -1       196 1.33506E-01
 -1       197 2.32008E-01
 -1       198 2.32008E-01
 -1       199 1.00000E+00
 -1       200 1.00000E+00
 -1       201 7.63119E+00
 -1       202 7.63119E+00
 -1       203 1.48496E+00
 -1       204 1.48496E+00
 -1       205 1.33506E-01
 -1       206 1.33506E-01
 -1       207 2.32008E-01
 -1       208 2.32008E-01
 -1       209 1.00000E+00
 -1       210 1.00000E+00
 -1       211 7.63119E+00
 -1       212 7.63119E+00
 -1       213 1.48496E+00
 -1       214 1.48496E+00
 -1       215 1.33506E-01
 -1       216 1.33506E-01
 -1       217 2.32008E-01
 -1       218 2.32008E-01
 -1       219 1.00000E+00
 -1       220 1.00000E+00
 -1       221 7.63119E+00
 -1       222 7.63119E+00
 -1       223 1.48496E+00
 -1       224 1.48496E+00
 -1       225 1.33506E-01
 -1       226 1.33506E-01
 -1       227 2.32008E-01
 -1       228 2.32008E-01
 -1       229 1.00000E+00
 -1       230 1.00000E+00
 -1       231 7.63119E+00
 -1       232 7.63119E+00
 -1       233 1.48496E+00
 -1       234 1.48496E+00
 -1       235 1.33506E-01
 -1       236 1.33506E-01
 -1       237 2.32008E-01
 -1       238 2.32008E-01
 -1       239 1.00000E+00
 -1       240 1.00000E+00
 -1       241 7.63119E+00
 -1       242 7.63119E+00
 -1       243 1.48496E+00
 -1       244 1.48496E+00
 -1       245 1.33506E-01
 -1       246 1.33506E-01
 -1       247 2.32008E-01
 -1       248 2.32008E-01
 -1       249 1.00000E+00
 -1       250 1.00000E+00
 -1       251 7.63119E+00
 -1       252 7.63119E+00
 -1       253 1.48496E+00
 -1       254 1.48496E+00
 -1       255 1.33506E-01
 -1       256 1.33506E-01
 -1       257 2.32008E-01
 -1       258 2.32008E-01
 -1       259 1.00000E+00
 -1       260 1.00000E+00
 -1       261 7.63119E+00
 -1       262 7.63119E+00
 -1       263 1.48496E+00
 -1       264 1.48496E+00
 -1       265 1.33506E-01
 -1       266 1.33506E-01
 -1       267 2.32008E-01
 -1       268 2.32008E-01
 -1       269 1.00000E+00
 -1       270 1.00000E+00
 -1       271 7.63119E+00
 -1       272 7.63119E+00
 -1       273 1.48496E+00
 -1       274 1.48496E+00
 -1       275 1.33506E-01
 -1       276 1.33506E-01
 -1       277 2.32008E-01
 -1       278 2.32008E-01
 -1       279 1.00000E+00
 -1       280 1.00000E+00
 -1       281 7.63119E+00
 -1       282 7.63119E+00
 -1       283 1.48496E+00
 -1       284 1.48496E+00
 -1       285 1.33506E-01
 -1       286 1.33506E-01
 -1       287 2.32008E-01
 -1       288 2.32008E-01
 -1       289 1.00000E+00
 -1       290 1.00000E+00
 -1       291 7.63119E+00
 -1       292 7.63119E+00
 -1       293 1.48496E+00
 -1       294 1.48496E+00
 -1       295 1.33506E-01
 -1       296 1.33506E-01
 -1       297 2.32008E-01
 -1       298 2.32008E-01
 -1       299 1.00000E+00
 -1       300 1.00000E+00
 -1       301 7.63119E+00
 -1       302 7.63119E+00
 -1       303 1.48496E+00
 -1       304 1.48496E+00
 -1       305 1.33506E-01
 -1       306 1.33506E-01
 -1       307 2.32008E-01
 -1       308 2.32008E-01
 -1       309 1.00000E+00
 -1       310 1.00000E+00
 -1       311 7.63119E+00
 -1       312 7.63119E+00
 -1       313 1.48496E+00
 -1       314 1.48496E+00
 -1       315 1.33506E-01
 -1       316 1.33506E-01
 -1       317 2.32008E-01
 -1       318 2.32008E-01
 -1       319 1.00000E+00
 -1       320 1.00000E+00
 -3
    1PSHOCKCOEF=     0.0000000000000                                                                                                
    1PSTEP                         1                                                                                                
  100CL  1015.1041022067         320                     3    1           1                                                         
 -4  TS3DF       1    1                                                                                                             
 -5  TS          1    1    0    0                                                                                                   
 -1         1 1.00000E+00
 -1         2 1.00000E+00
 -1         3 1.00000E+00
 -1         4 1.00000E+00
 -1         5 1.00125E+00
 -1         6 1.00125E+00
 -1         7 1.00125E+00
 -1         8 1.00125E+00
 -1         9 1.00165E+00
 -1        10 1.00165E+00
 -1        11 1.00165E+00
 -1        12 1.00165E+00
 -1        13 1.00112E+00
 -1        14 1.00112E+00
 -1        15 1.00112E+00
 -1        16 1.00112E+00
 -1        17 1.00000E+00
 -1        18 1.00000E+00
 -1        19 1.00000E+00
 -1        20 1.00000E+00
 -1        21 1.00000E+00
 -1        22 1.00000E+00
 -1        23 1.00125E+00
 -1        24 1.00125E+00
 -1        25 1.00165E+00
 -1        26 1.00165E+00
 -1        27 1.00112E+00
 -1        28 1.00112E+00
 -1        29 1.00000E+00
 -1        30 1.00000E+00
 -1        31 1.00000E+00
 -1        32 1.00000E+00
 -1        33 1.00125E+00
 -1        34 1.00125E+00
 -1        35 1.00165E+00
 -1        36 1.00165E+00
 -1        37 1.00112E+00
 -1        38 1.00112E+00
 -1        39 1.00000E+00
 -1        40 1.00000E+00
 -1        41 1.00000E+00
 -1        42 1.00000E+00
 -1        43 1.00125E+00
 -1        44 1.00125E+00
 -1        45 1.00165E+00
 -1        46 1.00165E+00
 -1        47 1.00112E+00
 -1        48 1.00112E+00
 -1        49 1.00000E+00
 -1        50 1.00000E+00
 -1        51 1.00000E+00
 -1        52 1.00000E+00
 -1        53 1.00125E+00
 -1        54 1.00125E+00
 -1        55 1.00165E+00
 -1        56 1.00165E+00
 -1        57 1.00112E+00
 -1        58 1.00112E+00
 -1        59 1.00000E+00
 -1        60 1.00000E+00
 -1        61 1.00000E+00
 -1        62 1.00000E+00
 -1        63 1.00125E+00
 -1        64 1.00125E+00
 -1        65 1.00165E+00
 -1        66 1.00165E+00
 -1        67 1.00112E+00
 -1        68 1.00112E+00
 -1        69 1.00000E+00
 -1        70 1.00000E+00
 -1        71 1.00000E+00
 -1        72 1.00000E+00
 -1        73 1.00125E+00
 -1        74 1.00125E+00
 -1        75 1.00165E+00
 -1        76 1.00165E+00
 -1        77 1.00112E+00
 -1        78 1.00112E+00
 -1        79 1.00000E+00
 -1        80 1.00000E+00
 -1        81 1.00000E+00
 -1        82 1.00000E+00
 -1        83 1.00125E+00
 -1        84 1.00125E+00
 -1        85 1.00165E+00
 -1        86 1.00165E+00
 -1        87 1.00112E+00
 -1        88 1.00112E+00
 -1        89 1.00000E+00
 -1        90 1.00000E+00
 -1        91 1.00000E+00
 -1        92 1.00000E+00
 -1        93 1.00000E+00
 -1        94 1.00000E+00
 -1        95 1.00125E+00
 -1        96 1.00125E+00
 -1        97 1.00125E+00
 -1        98 1.00125E+00
 -1        99 1.00165E+00
 -1       100 1.00165E+00
 -1       101 1.00165E+00
 -1       102 1.00165E+00
 -1       103 1.00112E+00
 -1       104 1.00112E+00
 -1       105 1.00112E+00
 -1       106 1.00112E+00
 -1       107 1.00000E+00
 -1       108 1.00000E+00
 -1       109 1.00000E+00
 -1       110 1.00000E+00
 -1       111 1.00000E+00
 -1       112 1.00000E+00
 -1       113 1.00125E+00
 -1       114 1.00125E+00
 -1       115 1.00165E+00
 -1       116 1.00165E+00
 -1       117 1.00112E+00
 -1       118 1.00112E+00
 -1       119 1.00000E+00
 -1       120 1.00000E+00
 -1       121 1.00000E+00
 -1       122 1.00000E+00
 -1       123 1.00125E+00
 -1       124 1.00125E+00
 -1       125 1.00165E+00
 -1       126 1.00165E+00
 -1       127 1.00112E+00
 -1       128 1.00112E+00
 -1       129 1.00000E+00
 -1       130 1.00000E+00
 -1       131 1.00000E+00
 -1       132 1.00000E+00
 -1       133 1.00125E+00
 -1       134 1.00125E+00
 -1       135 1.00165E+00
 -1       136 1.00165E+00
 -1       137 1.00112E+00
 -1       138 1.00112E+00
 -1       139 1.00000E+00
 -1       140 1.00000E+00
 -1       141 1.00000E+00
 -1       142 1.00000E+00
 -1       143 1.00125E+00
 -1       144 1.00125E+00
 -1       145 1.00165E+00
 -1       146 1.00165E+00
 -1       147 1.00112E+00
 -1       148 1.00112E+00
 -1       149 1.00000E+00
 -1       150 1.00000E+00
 -1       151 1.00000E+00
 -1       152 1.00000E+00
 -1       153 1.00125E+00
 -1       154 1.00125E+00
 -1       155 1.00165E+00
 -1       156 1.00165E+00
 -1       157 1.00112E+00
 -1       158 1.00112E+00
 -1       159 1.00000E+00
 -1       160 1.00000E+00
 -1       161 1.00000E+00
 -1       162 1.00000E+00
 -1       163 1.00125E+00
 -1       164 1.00125E+00
 -1       165 1.00165E+00
 -1       166 1.00165E+00
 -1       167 1.00112E+00
 -1       168 1.00112E+00
 -1       169 1.00000E+00
 -1       170 1.00000E+00
 -1       171 1.00000E+00
 -1       172 1.00000E+00
 -1       173 1.00000E+00
 -1       174 1.00000E+00
 -1       175 1.00125E+00
 -1       176 1.00125E+00
 -1       177 1.00125E+00
 -1       178 1.00125E+00
 -1       179 1.00165E+00
 -1       180 1.00165E+00
 -1       181 1.00165E+00
 -1       182 1.00165E+00
 -1       183 1.00112E+00
 -1       184 1.00112E+00
 -1       185 1.00112E+00
 -1       186 1.00112E+00
 -1       187 1.00000E+00
 -1       188 1.00000E+00
 -1       189 1.00000E+00
 -1       190 1.00000E+00
 -1       191 1.00000E+00
 -1       192 1.00000E+00
 -1       193 1.00125E+00
 -1       194 1.00125E+00
 -1       195 1.00165E+00
 -1       196 1.00165E+00
 -1       197 1.00112E+00
 -1       198 1.00112E+00
 -1       199 1.00000E+00
 -1       200 1.00000E+00
 -1       201 1.00000E+00
 -1       202 1.00000E+00
 -1       203 1.00125E+00
 -1       204 1.00125E+00
 -1       205 1.00165E+00
 -1       206 1.00165E+00
 -1       207 1.00112E+00
 -1       208 1.00112E+00
 -1       209 1.00000E+00
 -1       210 1.00000E+00
 -1       211 1.00000E+00
 -1       212 1.00000E+00
 -1       213 1.00125E+00
 -1       214 1.00125E+00
 -1       215 1.00165E+00
 -1       216 1.00165E+00
 -1       217 1.00112E+00
 -1       218 1.00112E+00
 -1       219 1.00000E+00
 -1       220 1.00000E+00
 -1       221 1.00000E+00
 -1       222 1.00000E+00
 -1       223 1.00125E+00
 -1       224 1.00125E+00
 -1       225 1.00165E+00
 -1       226 1.00165E+00
 -1       227 1.00112E+00
 -1       228 1.00112E+00
 -1       229 1.00000E+00
 -1       230 1.00000E+00
 -1       231 1.00000E+00
 -1       232 1.00000E+00
 -1       233 1.00125E+00
 -1       234 1.00125E+00
 -1       235 1.00165E+00
 -1       236 1.00165E+00
 -1       237 1.00112E+00
 -1       238 1.00112E+00
 -1       239 1.00000E+00
 -1       240 1.00000E+00
 -1       241 1.00000E+00
 -1       242 1.00000E+00
 -1       243 1.00125E+00
 -1       244 1.00125E+00
 -1       245 1.00165E+00
 -1       246 1.00165E+00
 -1       247 1.00112E+00
 -1       248 1.00112E+00
 -1       249 1.00000E+00
 -1       250 1.00000E+00
 -1       251 1.00000E+00
 -1       252 1.00000E+00
 -1       253 1.00125E+00
 -1       254 1.00125E+00
 -1       255 1.00165E+00
 -1       256 1.00165E+00
 -1       257 1.00112E+00
 -1       258 1.00112E+00
 -1       259 1.00000E+00
 -1       260 1.00000E+00
 -1       261 1.00000E+00
 -1       262 1.00000E+00
 -1       263 1.00125E+00
 -1       264 1.00125E+00
 -1       265 1.00165E+00
 -1       266 1.00165E+00
 -1       267 1.00112E+00
 -1       268 1.00112E+00
 -1       269 1.00000E+00
 -1       270 1.00000E+00
 -1       271 1.00000E+00
 -1       272 1.00000E+00
 -1       273 1.00125E+00
 -1       274 1.00125E+00
 -1       275 1.00165E+00
 -1       276 1.00165E+00
 -1       277 1.00112E+00
 -1       278 1.00112E+00
 -1       279 1.00000E+00
 -1       280 1.00000E+00
 -1       281 1.00000E+00
 -1       282 1.00000E+00
 -1       283 1.00125E+00
 -1       284 1.00125E+00
 -1       285 1.00165E+00
 -1       286 1.00165E+00
 -1       287 1.00112E+00
 -1       288 1.00112E+00
 -1       289 1.00000E+00
 -1       290 1.00000E+00
 -1       291 1.00000E+00
 -1       292 1.00000E+00
 -1       293 1.00125E+00
 -1       294 1.00125E+00
 -1       295 1.00165E+00
 -1       296 1.00165E+00
 -1       297 1.00112E+00
 -1       298 1.00112E+00
 -1       299 1.00000E+00
 -1       300 1.00000E+00
 -1       301 1.00000E+00
 -1       302 1.00000E+00
 -1       303 1.00125E+00
 -1       304 1.00125E+00
 -1       305 1.00165E+00
 -1       306 1.00165E+00
 -1       307 1.00112E+00
 -1       308 1.00112E+00
 -1       309 1.00000E+00
 -1       310 1.00000E+00
 -1       311 1.00000E+00
 -1       312 1.00000E+00
 -1       313 1.00125E+00
 -1       314 1.00125E+00
 -1       315 1.00165E+00
 -1       316 1.00165E+00
 -1       317 1.00112E+00
 -1       318 1.00112E+00
 -1       319 1.00000E+00
 -1       320 1.00000E+00
 -3
 9999
